<?xml version="1.0" encoding="UTF-8"?>
<robot generator="Robot 3.2.1 (Python 3.7.6 on win32)" generated="20200831 11:48:51.005" rpa="false">
<suite id="s1" name="TC 004 FetchData" source="C:\Users\Ivan\Desktop\ironhack\selenium\SeleniumPython\sections\RobotAutomation\TestCases\RegistrationTC\TC_004_FetchData.robot">
<test id="s1-t1" name="Robot Fetch Data">
<kw name="Start Browser and Maximize" library="Resources1" type="setup">
<kw name="Open Browser" library="SeleniumLibrary">
<doc>Opens a new browser instance to the optional ``url``.</doc>
<arguments>
<arg>https://www.thetestingworld.com/testings/</arg>
<arg>Chrome</arg>
</arguments>
<msg timestamp="20200831 11:48:51.597" level="INFO">Opening browser 'Chrome' to base url 'https://www.thetestingworld.com/testings/'.</msg>
<status status="PASS" starttime="20200831 11:48:51.597" endtime="20200831 11:48:58.371"></status>
</kw>
<kw name="Maximize Browser Window" library="SeleniumLibrary">
<doc>Maximizes current browser window.</doc>
<status status="PASS" starttime="20200831 11:48:58.371" endtime="20200831 11:49:00.496"></status>
</kw>
<status status="PASS" starttime="20200831 11:48:51.596" endtime="20200831 11:49:00.497"></status>
</kw>
<kw name="Create Folder at Runtime" library="Resources1">
<kw name="Create Folder" library="UserKeywords">
<status status="PASS" starttime="20200831 11:49:00.500" endtime="20200831 11:49:00.501"></status>
</kw>
<kw name="Create Sub Folder" library="UserKeywords">
<status status="PASS" starttime="20200831 11:49:00.501" endtime="20200831 11:49:00.503"></status>
</kw>
<status status="PASS" starttime="20200831 11:49:00.500" endtime="20200831 11:49:00.504"></status>
</kw>
<kw name="Start Browser and Maximize" library="Resources1">
<kw name="Open Browser" library="SeleniumLibrary">
<doc>Opens a new browser instance to the optional ``url``.</doc>
<arguments>
<arg>https://www.thetestingworld.com/testings/</arg>
<arg>Chrome</arg>
</arguments>
<msg timestamp="20200831 11:49:00.510" level="INFO">Opening browser 'Chrome' to base url 'https://www.thetestingworld.com/testings/'.</msg>
<status status="PASS" starttime="20200831 11:49:00.507" endtime="20200831 11:49:05.686"></status>
</kw>
<kw name="Maximize Browser Window" library="SeleniumLibrary">
<doc>Maximizes current browser window.</doc>
<status status="PASS" starttime="20200831 11:49:05.686" endtime="20200831 11:49:08.186"></status>
</kw>
<status status="PASS" starttime="20200831 11:49:00.505" endtime="20200831 11:49:08.187"></status>
</kw>
<status status="PASS" starttime="20200831 11:48:51.595" endtime="20200831 11:49:08.188" critical="yes"></status>
</test>
<status status="PASS" starttime="20200831 11:48:51.008" endtime="20200831 11:49:08.194"></status>
</suite>
<statistics>
<total>
<stat pass="1" fail="0">Critical Tests</stat>
<stat pass="1" fail="0">All Tests</stat>
</total>
<tag>
</tag>
<suite>
<stat pass="1" fail="0" id="s1" name="TC 004 FetchData">TC 004 FetchData</stat>
</suite>
</statistics>
<errors>
</errors>
</robot>
