<?xml version="1.0" encoding="UTF-8"?>
<robot generator="Robot 3.2.1 (Python 3.7.6 on win32)" generated="20200826 18:39:01.180" rpa="false">
<suite id="s1" name="LoginTC" source="C:\Users\Ivan\Desktop\ironhack\selenium\SeleniumPython\sections\RobotAutomation\TestCases\LoginTC">
<kw name="Before each Test Suite" type="setup">
<kw name="Log" library="BuiltIn">
<doc>Logs the given message with the given level.</doc>
<arguments>
<arg>Test Suite Started</arg>
</arguments>
<msg timestamp="20200826 18:39:01.213" level="INFO">Test Suite Started</msg>
<status status="PASS" starttime="20200826 18:39:01.213" endtime="20200826 18:39:01.213"></status>
</kw>
<status status="PASS" starttime="20200826 18:39:01.213" endtime="20200826 18:39:01.213"></status>
</kw>
<suite id="s1-s1" name="TC 001 Start Close Browser" source="C:\Users\Ivan\Desktop\ironhack\selenium\SeleniumPython\sections\RobotAutomation\TestCases\LoginTC\TC_001_Start_Close_Browser.robot">
<kw name="Before Each Test Suite" library="Resources1" type="setup">
<kw name="Log" library="BuiltIn">
<doc>Logs the given message with the given level.</doc>
<arguments>
<arg>Before Each Test Suite</arg>
</arguments>
<msg timestamp="20200826 18:39:01.622" level="INFO">Before Each Test Suite</msg>
<status status="PASS" starttime="20200826 18:39:01.622" endtime="20200826 18:39:01.622"></status>
</kw>
<status status="PASS" starttime="20200826 18:39:01.622" endtime="20200826 18:39:01.622"></status>
</kw>
<test id="s1-s1-t1" name="Robot First Test Case">
<kw name="Start Browser and Maximize" library="Resources1" type="setup">
<kw name="Open Browser" library="SeleniumLibrary">
<doc>Opens a new browser instance to the optional ``url``.</doc>
<arguments>
<arg>https://www.thetestingworld.com/testings/</arg>
<arg>Chrome</arg>
</arguments>
<msg timestamp="20200826 18:39:01.624" level="INFO">Opening browser 'Chrome' to base url 'https://www.thetestingworld.com/testings/'.</msg>
<status status="PASS" starttime="20200826 18:39:01.624" endtime="20200826 18:39:11.911"></status>
</kw>
<kw name="Maximize Browser Window" library="SeleniumLibrary">
<doc>Maximizes current browser window.</doc>
<status status="PASS" starttime="20200826 18:39:11.912" endtime="20200826 18:39:14.039"></status>
</kw>
<status status="PASS" starttime="20200826 18:39:01.624" endtime="20200826 18:39:14.040"></status>
</kw>
<kw name="Input Text" library="SeleniumLibrary">
<doc>Types the given ``text`` into the text field identified by ``locator``.</doc>
<arguments>
<arg>name:fld_username</arg>
<arg>Testing</arg>
</arguments>
<msg timestamp="20200826 18:39:14.045" level="INFO">Typing text 'Testing' into text field 'name:fld_username'.</msg>
<status status="PASS" starttime="20200826 18:39:14.044" endtime="20200826 18:39:14.195"></status>
</kw>
<kw name="Input Text" library="SeleniumLibrary">
<doc>Types the given ``text`` into the text field identified by ``locator``.</doc>
<arguments>
<arg>name:fld_email</arg>
<arg>123546</arg>
</arguments>
<msg timestamp="20200826 18:39:14.196" level="INFO">Typing text '123546' into text field 'name:fld_email'.</msg>
<status status="PASS" starttime="20200826 18:39:14.196" endtime="20200826 18:39:14.296"></status>
</kw>
<kw name="Input Text" library="SeleniumLibrary">
<doc>Types the given ``text`` into the text field identified by ``locator``.</doc>
<arguments>
<arg>name:fld_password</arg>
<arg>45685</arg>
</arguments>
<msg timestamp="20200826 18:39:14.297" level="INFO">Typing text '45685' into text field 'name:fld_password'.</msg>
<status status="PASS" starttime="20200826 18:39:14.297" endtime="20200826 18:39:14.392"></status>
</kw>
<kw name="Close Browser Window" library="Resources1" type="teardown">
<kw name="Get Title" library="SeleniumLibrary">
<doc>Returns the title of the current page.</doc>
<assign>
<var>${Title}</var>
</assign>
<msg timestamp="20200826 18:39:14.399" level="INFO">${Title} = Login &amp; Sign Up Forms</msg>
<status status="PASS" starttime="20200826 18:39:14.394" endtime="20200826 18:39:14.399"></status>
</kw>
<kw name="Log" library="BuiltIn">
<doc>Logs the given message with the given level.</doc>
<arguments>
<arg>${Title}</arg>
</arguments>
<msg timestamp="20200826 18:39:14.400" level="INFO">Login &amp; Sign Up Forms</msg>
<status status="PASS" starttime="20200826 18:39:14.400" endtime="20200826 18:39:14.400"></status>
</kw>
<kw name="Close Browser" library="SeleniumLibrary">
<doc>Closes the current browser.</doc>
<status status="PASS" starttime="20200826 18:39:14.400" endtime="20200826 18:39:16.699"></status>
</kw>
<status status="PASS" starttime="20200826 18:39:14.393" endtime="20200826 18:39:16.699"></status>
</kw>
<status status="PASS" starttime="20200826 18:39:01.622" endtime="20200826 18:39:16.700" critical="yes"></status>
</test>
<test id="s1-s1-t2" name="Robot Next Test Case">
<kw name="Start Browser and Maximize" library="Resources1" type="setup">
<kw name="Open Browser" library="SeleniumLibrary">
<doc>Opens a new browser instance to the optional ``url``.</doc>
<arguments>
<arg>https://www.thetestingworld.com/testings/</arg>
<arg>Chrome</arg>
</arguments>
<msg timestamp="20200826 18:39:16.707" level="INFO">Opening browser 'Chrome' to base url 'https://www.thetestingworld.com/testings/'.</msg>
<status status="PASS" starttime="20200826 18:39:16.707" endtime="20200826 18:39:27.824"></status>
</kw>
<kw name="Maximize Browser Window" library="SeleniumLibrary">
<doc>Maximizes current browser window.</doc>
<status status="PASS" starttime="20200826 18:39:27.824" endtime="20200826 18:39:29.954"></status>
</kw>
<status status="PASS" starttime="20200826 18:39:16.706" endtime="20200826 18:39:29.955"></status>
</kw>
<kw name="Select Radio Button" library="SeleniumLibrary">
<doc>Sets the radio button group ``group_name`` to ``value``.</doc>
<arguments>
<arg>add_type</arg>
<arg>office</arg>
</arguments>
<msg timestamp="20200826 18:39:29.959" level="INFO">Selecting 'office' from radio button 'add_type'.</msg>
<status status="PASS" starttime="20200826 18:39:29.958" endtime="20200826 18:39:30.064"></status>
</kw>
<kw name="Close Browser Window" library="Resources1" type="teardown">
<kw name="Get Title" library="SeleniumLibrary">
<doc>Returns the title of the current page.</doc>
<assign>
<var>${Title}</var>
</assign>
<msg timestamp="20200826 18:39:30.071" level="INFO">${Title} = Login &amp; Sign Up Forms</msg>
<status status="PASS" starttime="20200826 18:39:30.066" endtime="20200826 18:39:30.071"></status>
</kw>
<kw name="Log" library="BuiltIn">
<doc>Logs the given message with the given level.</doc>
<arguments>
<arg>${Title}</arg>
</arguments>
<msg timestamp="20200826 18:39:30.072" level="INFO">Login &amp; Sign Up Forms</msg>
<status status="PASS" starttime="20200826 18:39:30.072" endtime="20200826 18:39:30.072"></status>
</kw>
<kw name="Close Browser" library="SeleniumLibrary">
<doc>Closes the current browser.</doc>
<status status="PASS" starttime="20200826 18:39:30.072" endtime="20200826 18:39:33.295"></status>
</kw>
<status status="PASS" starttime="20200826 18:39:30.066" endtime="20200826 18:39:33.295"></status>
</kw>
<status status="PASS" starttime="20200826 18:39:16.705" endtime="20200826 18:39:33.296" critical="yes"></status>
</test>
<doc>This file contains testcase of testing ABC Functionality</doc>
<status status="PASS" starttime="20200826 18:39:01.213" endtime="20200826 18:39:33.299"></status>
</suite>
<suite id="s1-s2" name="TC 002 Start Close Browser" source="C:\Users\Ivan\Desktop\ironhack\selenium\SeleniumPython\sections\RobotAutomation\TestCases\LoginTC\TC_002_Start_Close_Browser.robot">
<test id="s1-s2-t1" name="Robot Second Test Case">
<kw name="Start Browser and Maximize" library="Resources1" type="setup">
<kw name="Open Browser" library="SeleniumLibrary">
<doc>Opens a new browser instance to the optional ``url``.</doc>
<arguments>
<arg>https://www.thetestingworld.com/testings/</arg>
<arg>Chrome</arg>
</arguments>
<msg timestamp="20200826 18:39:33.312" level="INFO">Opening browser 'Chrome' to base url 'https://www.thetestingworld.com/testings/'.</msg>
<status status="PASS" starttime="20200826 18:39:33.312" endtime="20200826 18:39:38.459"></status>
</kw>
<kw name="Maximize Browser Window" library="SeleniumLibrary">
<doc>Maximizes current browser window.</doc>
<status status="PASS" starttime="20200826 18:39:38.459" endtime="20200826 18:39:40.584"></status>
</kw>
<status status="PASS" starttime="20200826 18:39:33.311" endtime="20200826 18:39:40.585"></status>
</kw>
<kw name="Input Text" library="SeleniumLibrary">
<doc>Types the given ``text`` into the text field identified by ``locator``.</doc>
<arguments>
<arg>name:fld_username</arg>
<arg>Testing</arg>
</arguments>
<msg timestamp="20200826 18:39:40.588" level="INFO">Typing text 'Testing' into text field 'name:fld_username'.</msg>
<status status="PASS" starttime="20200826 18:39:40.587" endtime="20200826 18:39:40.730"></status>
</kw>
<kw name="Input Text" library="SeleniumLibrary">
<doc>Types the given ``text`` into the text field identified by ``locator``.</doc>
<arguments>
<arg>name:fld_email</arg>
<arg>123546</arg>
</arguments>
<msg timestamp="20200826 18:39:40.731" level="INFO">Typing text '123546' into text field 'name:fld_email'.</msg>
<status status="PASS" starttime="20200826 18:39:40.731" endtime="20200826 18:39:40.829"></status>
</kw>
<kw name="Input Text" library="SeleniumLibrary">
<doc>Types the given ``text`` into the text field identified by ``locator``.</doc>
<arguments>
<arg>name:fld_password</arg>
<arg>45685</arg>
</arguments>
<msg timestamp="20200826 18:39:40.830" level="INFO">Typing text '45685' into text field 'name:fld_password'.</msg>
<status status="PASS" starttime="20200826 18:39:40.829" endtime="20200826 18:39:40.909"></status>
</kw>
<kw name="Close Browser Window" library="Resources1" type="teardown">
<kw name="Get Title" library="SeleniumLibrary">
<doc>Returns the title of the current page.</doc>
<assign>
<var>${Title}</var>
</assign>
<msg timestamp="20200826 18:39:40.914" level="INFO">${Title} = Login &amp; Sign Up Forms</msg>
<status status="PASS" starttime="20200826 18:39:40.910" endtime="20200826 18:39:40.914"></status>
</kw>
<kw name="Log" library="BuiltIn">
<doc>Logs the given message with the given level.</doc>
<arguments>
<arg>${Title}</arg>
</arguments>
<msg timestamp="20200826 18:39:40.915" level="INFO">Login &amp; Sign Up Forms</msg>
<status status="PASS" starttime="20200826 18:39:40.914" endtime="20200826 18:39:40.915"></status>
</kw>
<kw name="Close Browser" library="SeleniumLibrary">
<doc>Closes the current browser.</doc>
<status status="PASS" starttime="20200826 18:39:40.915" endtime="20200826 18:39:43.151"></status>
</kw>
<status status="PASS" starttime="20200826 18:39:40.910" endtime="20200826 18:39:43.151"></status>
</kw>
<status status="PASS" starttime="20200826 18:39:33.310" endtime="20200826 18:39:43.152" critical="yes"></status>
</test>
<test id="s1-s2-t2" name="Robot Second Next Test Case">
<kw name="Start Browser and Maximize" library="Resources1" type="setup">
<kw name="Open Browser" library="SeleniumLibrary">
<doc>Opens a new browser instance to the optional ``url``.</doc>
<arguments>
<arg>https://www.thetestingworld.com/testings/</arg>
<arg>Chrome</arg>
</arguments>
<msg timestamp="20200826 18:39:43.160" level="INFO">Opening browser 'Chrome' to base url 'https://www.thetestingworld.com/testings/'.</msg>
<status status="PASS" starttime="20200826 18:39:43.160" endtime="20200826 18:39:48.376"></status>
</kw>
<kw name="Maximize Browser Window" library="SeleniumLibrary">
<doc>Maximizes current browser window.</doc>
<status status="PASS" starttime="20200826 18:39:48.377" endtime="20200826 18:39:50.500"></status>
</kw>
<status status="PASS" starttime="20200826 18:39:43.159" endtime="20200826 18:39:50.501"></status>
</kw>
<kw name="Select Radio Button" library="SeleniumLibrary">
<doc>Sets the radio button group ``group_name`` to ``value``.</doc>
<arguments>
<arg>add_type</arg>
<arg>office</arg>
</arguments>
<msg timestamp="20200826 18:39:50.504" level="INFO">Selecting 'office' from radio button 'add_type'.</msg>
<status status="PASS" starttime="20200826 18:39:50.504" endtime="20200826 18:39:50.601"></status>
</kw>
<kw name="Close Browser Window" library="Resources1" type="teardown">
<kw name="Get Title" library="SeleniumLibrary">
<doc>Returns the title of the current page.</doc>
<assign>
<var>${Title}</var>
</assign>
<msg timestamp="20200826 18:39:50.607" level="INFO">${Title} = Login &amp; Sign Up Forms</msg>
<status status="PASS" starttime="20200826 18:39:50.602" endtime="20200826 18:39:50.607"></status>
</kw>
<kw name="Log" library="BuiltIn">
<doc>Logs the given message with the given level.</doc>
<arguments>
<arg>${Title}</arg>
</arguments>
<msg timestamp="20200826 18:39:50.608" level="INFO">Login &amp; Sign Up Forms</msg>
<status status="PASS" starttime="20200826 18:39:50.607" endtime="20200826 18:39:50.608"></status>
</kw>
<kw name="Close Browser" library="SeleniumLibrary">
<doc>Closes the current browser.</doc>
<status status="PASS" starttime="20200826 18:39:50.608" endtime="20200826 18:39:52.842"></status>
</kw>
<status status="PASS" starttime="20200826 18:39:50.602" endtime="20200826 18:39:52.842"></status>
</kw>
<status status="PASS" starttime="20200826 18:39:43.158" endtime="20200826 18:39:52.843" critical="yes"></status>
</test>
<doc>This file contains testcase of testing ABC Functionality</doc>
<status status="PASS" starttime="20200826 18:39:33.303" endtime="20200826 18:39:52.849"></status>
</suite>
<kw name="After each Test Suite" type="teardown">
<kw name="Log" library="BuiltIn">
<doc>Logs the given message with the given level.</doc>
<arguments>
<arg>Test Suite Ented</arg>
</arguments>
<msg timestamp="20200826 18:39:52.856" level="INFO">Test Suite Ented</msg>
<status status="PASS" starttime="20200826 18:39:52.856" endtime="20200826 18:39:52.856"></status>
</kw>
<status status="PASS" starttime="20200826 18:39:52.856" endtime="20200826 18:39:52.857"></status>
</kw>
<status status="PASS" starttime="20200826 18:39:01.183" endtime="20200826 18:39:52.857"></status>
</suite>
<statistics>
<total>
<stat pass="4" fail="0">Critical Tests</stat>
<stat pass="4" fail="0">All Tests</stat>
</total>
<tag>
</tag>
<suite>
<stat pass="4" fail="0" id="s1" name="LoginTC">LoginTC</stat>
<stat pass="2" fail="0" id="s1-s1" name="TC 001 Start Close Browser">LoginTC.TC 001 Start Close Browser</stat>
<stat pass="2" fail="0" id="s1-s2" name="TC 002 Start Close Browser">LoginTC.TC 002 Start Close Browser</stat>
</suite>
</statistics>
<errors>
</errors>
</robot>
