<?xml version="1.0" encoding="UTF-8"?>
<robot generator="Robot 3.2.1 (Python 3.7.6 on win32)" generated="20200826 13:26:59.485" rpa="false">
<suite id="s1" name="TC 001 Start Close Browser" source="C:\Users\Ivan\Desktop\ironhack\selenium\SeleniumPython\sections\RobotAutomation\TestCases\TC_001_Start_Close_Browser.robot">
<test id="s1-t1" name="TC_001 Browser Start and Close">
<kw name="Open Browser" library="SeleniumLibrary">
<doc>Opens a new browser instance to the optional ``url``.</doc>
<arguments>
<arg>${URL}</arg>
<arg>${Browser}</arg>
</arguments>
<msg timestamp="20200826 13:26:59.745" level="INFO">Opening browser 'Chrome' to base url 'https://www.thetestingworld.com/testings/'.</msg>
<status status="PASS" starttime="20200826 13:26:59.745" endtime="20200826 13:27:04.955"></status>
</kw>
<kw name="Maximize Browser Window" library="SeleniumLibrary">
<doc>Maximizes current browser window.</doc>
<status status="PASS" starttime="20200826 13:27:04.956" endtime="20200826 13:27:07.084"></status>
</kw>
<kw name="Enter Username Password Email">
<arguments>
<arg>testing</arg>
<arg>testingworldindia@gmail.com</arg>
<arg>123456</arg>
</arguments>
<kw name="Input Text" library="SeleniumLibrary">
<doc>Types the given ``text`` into the text field identified by ``locator``.</doc>
<arguments>
<arg>name:fld_username</arg>
<arg>${username}</arg>
</arguments>
<msg timestamp="20200826 13:27:07.087" level="INFO">Typing text 'testing' into text field 'name:fld_username'.</msg>
<status status="PASS" starttime="20200826 13:27:07.086" endtime="20200826 13:27:07.265"></status>
</kw>
<kw name="Input Text" library="SeleniumLibrary">
<doc>Types the given ``text`` into the text field identified by ``locator``.</doc>
<arguments>
<arg>name:fld_email</arg>
<arg>${email}</arg>
</arguments>
<msg timestamp="20200826 13:27:07.265" level="INFO">Typing text 'testingworldindia@gmail.com' into text field 'name:fld_email'.</msg>
<status status="PASS" starttime="20200826 13:27:07.265" endtime="20200826 13:27:07.388"></status>
</kw>
<kw name="Input Text" library="SeleniumLibrary">
<doc>Types the given ``text`` into the text field identified by ``locator``.</doc>
<arguments>
<arg>name:fld_password</arg>
<arg>${password}</arg>
</arguments>
<msg timestamp="20200826 13:27:07.389" level="INFO">Typing text '123456' into text field 'name:fld_password'.</msg>
<status status="PASS" starttime="20200826 13:27:07.388" endtime="20200826 13:27:07.471"></status>
</kw>
<status status="PASS" starttime="20200826 13:27:07.085" endtime="20200826 13:27:07.472"></status>
</kw>
<status status="PASS" starttime="20200826 13:26:59.744" endtime="20200826 13:27:07.472" critical="yes"></status>
</test>
<status status="PASS" starttime="20200826 13:26:59.487" endtime="20200826 13:27:07.477"></status>
</suite>
<statistics>
<total>
<stat pass="1" fail="0">Critical Tests</stat>
<stat pass="1" fail="0">All Tests</stat>
</total>
<tag>
</tag>
<suite>
<stat pass="1" fail="0" id="s1" name="TC 001 Start Close Browser">TC 001 Start Close Browser</stat>
</suite>
</statistics>
<errors>
</errors>
</robot>
